<?xml version="1.0" encoding="UTF-8"?>
<testsuite name="com.bridgelabz.HashMapTest" tests="1" skipped="0" failures="0" errors="0" timestamp="2021-06-10T15:32:07" hostname="DESKTOP-4IPP4FC" time="0.213">
  <properties/>
  <testcase name="givenASentence_WhenWordsAreAddedToList_ShouldReturnWordFrequency()" classname="com.bridgelabz.HashMapTest" time="0.213"/>
  <system-out><![CDATA[]]></system-out>
  <system-err><![CDATA[]]></system-err>
</testsuite>
